{"C:\\Users\\Cfoul\\Downloads\\qhse-africa-starter (1)\\qhse-africa-starter\\backend\\src\\lib\\validation.js": {"path":"C:\\Users\\Cfoul\\Downloads\\qhse-africa-starter (1)\\qhse-africa-starter\\backend\\src\\lib\\validation.js","statementMap":{"0":{"start":{"line":4,"column":34},"end":{"line":4,"column":37}},"1":{"start":{"line":7,"column":30},"end":{"line":7,"column":33}},"2":{"start":{"line":10,"column":35},"end":{"line":10,"column":36}},"3":{"start":{"line":11,"column":35},"end":{"line":11,"column":38}},"4":{"start":{"line":13,"column":28},"end":{"line":38,"column":1}},"5":{"start":{"line":45,"column":2},"end":{"line":47,"column":null}},"6":{"start":{"line":46,"column":4},"end":{"line":46,"column":null}},"7":{"start":{"line":48,"column":14},"end":{"line":48,"column":53}},"8":{"start":{"line":49,"column":12},"end":{"line":49,"column":23}},"9":{"start":{"line":50,"column":2},"end":{"line":50,"column":null}},"10":{"start":{"line":50,"column":36},"end":{"line":50,"column":null}},"11":{"start":{"line":51,"column":2},"end":{"line":51,"column":null}},"12":{"start":{"line":60,"column":2},"end":{"line":60,"column":null}},"13":{"start":{"line":60,"column":29},"end":{"line":60,"column":null}},"14":{"start":{"line":61,"column":12},"end":{"line":61,"column":20}},"15":{"start":{"line":62,"column":2},"end":{"line":62,"column":null}},"16":{"start":{"line":62,"column":23},"end":{"line":62,"column":null}},"17":{"start":{"line":63,"column":2},"end":{"line":63,"column":null}},"18":{"start":{"line":71,"column":2},"end":{"line":71,"column":null}},"19":{"start":{"line":71,"column":33},"end":{"line":71,"column":null}},"20":{"start":{"line":72,"column":12},"end":{"line":72,"column":38}},"21":{"start":{"line":73,"column":2},"end":{"line":73,"column":null}},"22":{"start":{"line":73,"column":56},"end":{"line":73,"column":null}},"23":{"start":{"line":74,"column":2},"end":{"line":74,"column":null}},"24":{"start":{"line":83,"column":12},"end":{"line":83,"column":34}},"25":{"start":{"line":84,"column":2},"end":{"line":89,"column":null}},"26":{"start":{"line":85,"column":4},"end":{"line":88,"column":null}},"27":{"start":{"line":90,"column":2},"end":{"line":92,"column":null}},"28":{"start":{"line":91,"column":4},"end":{"line":91,"column":null}},"29":{"start":{"line":93,"column":2},"end":{"line":95,"column":null}},"30":{"start":{"line":94,"column":4},"end":{"line":94,"column":null}},"31":{"start":{"line":96,"column":2},"end":{"line":98,"column":null}},"32":{"start":{"line":97,"column":4},"end":{"line":97,"column":null}},"33":{"start":{"line":99,"column":2},"end":{"line":99,"column":null}},"34":{"start":{"line":106,"column":34},"end":{"line":106,"column":90}},"35":{"start":{"line":114,"column":2},"end":{"line":116,"column":null}},"36":{"start":{"line":115,"column":4},"end":{"line":115,"column":null}},"37":{"start":{"line":117,"column":12},"end":{"line":117,"column":53}},"38":{"start":{"line":118,"column":2},"end":{"line":120,"column":null}},"39":{"start":{"line":119,"column":4},"end":{"line":119,"column":null}},"40":{"start":{"line":121,"column":2},"end":{"line":123,"column":null}},"41":{"start":{"line":122,"column":4},"end":{"line":122,"column":null}},"42":{"start":{"line":124,"column":2},"end":{"line":140,"column":null}},"43":{"start":{"line":125,"column":14},"end":{"line":125,"column":27}},"44":{"start":{"line":126,"column":4},"end":{"line":128,"column":null}},"45":{"start":{"line":127,"column":6},"end":{"line":127,"column":null}},"46":{"start":{"line":129,"column":4},"end":{"line":131,"column":null}},"47":{"start":{"line":130,"column":6},"end":{"line":130,"column":null}},"48":{"start":{"line":132,"column":4},"end":{"line":136,"column":null}},"49":{"start":{"line":133,"column":6},"end":{"line":135,"column":null}},"50":{"start":{"line":134,"column":8},"end":{"line":134,"column":null}},"51":{"start":{"line":137,"column":4},"end":{"line":137,"column":null}},"52":{"start":{"line":139,"column":4},"end":{"line":139,"column":null}},"53":{"start":{"line":149,"column":2},"end":{"line":149,"column":null}},"54":{"start":{"line":149,"column":33},"end":{"line":149,"column":null}},"55":{"start":{"line":150,"column":12},"end":{"line":150,"column":62}},"56":{"start":{"line":151,"column":2},"end":{"line":151,"column":null}},"57":{"start":{"line":151,"column":10},"end":{"line":151,"column":null}},"58":{"start":{"line":152,"column":2},"end":{"line":154,"column":null}},"59":{"start":{"line":153,"column":4},"end":{"line":153,"column":null}},"60":{"start":{"line":155,"column":2},"end":{"line":155,"column":null}},"61":{"start":{"line":159,"column":12},"end":{"line":159,"column":25}},"62":{"start":{"line":160,"column":2},"end":{"line":162,"column":null}},"63":{"start":{"line":161,"column":4},"end":{"line":161,"column":null}},"64":{"start":{"line":163,"column":2},"end":{"line":165,"column":null}},"65":{"start":{"line":164,"column":4},"end":{"line":164,"column":null}},"66":{"start":{"line":166,"column":2},"end":{"line":166,"column":null}},"67":{"start":{"line":174,"column":2},"end":{"line":185,"column":null}},"68":{"start":{"line":175,"column":19},"end":{"line":175,"column":45}},"69":{"start":{"line":176,"column":4},"end":{"line":182,"column":null}},"70":{"start":{"line":177,"column":6},"end":{"line":181,"column":null}},"71":{"start":{"line":183,"column":4},"end":{"line":183,"column":null}},"72":{"start":{"line":184,"column":4},"end":{"line":184,"column":null}}},"fnMap":{"0":{"name":"parseListLimit","decl":{"start":{"line":44,"column":16},"end":{"line":44,"column":30}},"loc":{"start":{"line":44,"column":38},"end":{"line":52,"column":null}},"line":44},"1":{"name":"clampTrimString","decl":{"start":{"line":59,"column":16},"end":{"line":59,"column":31}},"loc":{"start":{"line":59,"column":40},"end":{"line":64,"column":null}},"line":59},"2":{"name":"isValidEmailBasic","decl":{"start":{"line":70,"column":16},"end":{"line":70,"column":33}},"loc":{"start":{"line":70,"column":41},"end":{"line":75,"column":null}},"line":70},"3":{"name":"validatePasswordPolicy","decl":{"start":{"line":82,"column":16},"end":{"line":82,"column":38}},"loc":{"start":{"line":82,"column":49},"end":{"line":100,"column":null}},"line":82},"4":{"name":"parseIncidentPhotosJson","decl":{"start":{"line":113,"column":16},"end":{"line":113,"column":39}},"loc":{"start":{"line":113,"column":53},"end":{"line":141,"column":null}},"line":113},"5":{"name":"parseIncidentCauseCategory","decl":{"start":{"line":148,"column":16},"end":{"line":148,"column":42}},"loc":{"start":{"line":148,"column":56},"end":{"line":156,"column":null}},"line":148},"6":{"name":"parseAuditScore","decl":{"start":{"line":158,"column":16},"end":{"line":158,"column":31}},"loc":{"start":{"line":158,"column":39},"end":{"line":167,"column":null}},"line":158},"7":{"name":"validateBody","decl":{"start":{"line":173,"column":16},"end":{"line":173,"column":28}},"loc":{"start":{"line":173,"column":37},"end":{"line":186,"column":null}},"line":173},"8":{"name":"(anonymous_8)","decl":{"start":{"line":174,"column":9},"end":{"line":174,"column":10}},"loc":{"start":{"line":174,"column":29},"end":{"line":185,"column":3}},"line":174}},"branchMap":{"0":{"loc":{"start":{"line":45,"column":2},"end":{"line":47,"column":null}},"type":"if","locations":[{"start":{"line":45,"column":2},"end":{"line":47,"column":null}},{"start":{},"end":{}}],"line":45},"1":{"loc":{"start":{"line":45,"column":6},"end":{"line":45,"column":59}},"type":"binary-expr","locations":[{"start":{"line":45,"column":6},"end":{"line":45,"column":25}},{"start":{"line":45,"column":29},"end":{"line":45,"column":43}},{"start":{"line":45,"column":47},"end":{"line":45,"column":59}}],"line":45},"2":{"loc":{"start":{"line":48,"column":14},"end":{"line":48,"column":53}},"type":"cond-expr","locations":[{"start":{"line":48,"column":37},"end":{"line":48,"column":45}},{"start":{"line":48,"column":48},"end":{"line":48,"column":53}}],"line":48},"3":{"loc":{"start":{"line":50,"column":2},"end":{"line":50,"column":null}},"type":"if","locations":[{"start":{"line":50,"column":2},"end":{"line":50,"column":null}},{"start":{},"end":{}}],"line":50},"4":{"loc":{"start":{"line":50,"column":6},"end":{"line":50,"column":34}},"type":"binary-expr","locations":[{"start":{"line":50,"column":6},"end":{"line":50,"column":25}},{"start":{"line":50,"column":29},"end":{"line":50,"column":34}}],"line":50},"5":{"loc":{"start":{"line":60,"column":2},"end":{"line":60,"column":null}},"type":"if","locations":[{"start":{"line":60,"column":2},"end":{"line":60,"column":null}},{"start":{},"end":{}}],"line":60},"6":{"loc":{"start":{"line":62,"column":2},"end":{"line":62,"column":null}},"type":"if","locations":[{"start":{"line":62,"column":2},"end":{"line":62,"column":null}},{"start":{},"end":{}}],"line":62},"7":{"loc":{"start":{"line":71,"column":2},"end":{"line":71,"column":null}},"type":"if","locations":[{"start":{"line":71,"column":2},"end":{"line":71,"column":null}},{"start":{},"end":{}}],"line":71},"8":{"loc":{"start":{"line":73,"column":2},"end":{"line":73,"column":null}},"type":"if","locations":[{"start":{"line":73,"column":2},"end":{"line":73,"column":null}},{"start":{},"end":{}}],"line":73},"9":{"loc":{"start":{"line":73,"column":6},"end":{"line":73,"column":54}},"type":"binary-expr","locations":[{"start":{"line":73,"column":6},"end":{"line":73,"column":18}},{"start":{"line":73,"column":22},"end":{"line":73,"column":54}}],"line":73},"10":{"loc":{"start":{"line":83,"column":19},"end":{"line":83,"column":33}},"type":"binary-expr","locations":[{"start":{"line":83,"column":19},"end":{"line":83,"column":27}},{"start":{"line":83,"column":31},"end":{"line":83,"column":33}}],"line":83},"11":{"loc":{"start":{"line":84,"column":2},"end":{"line":89,"column":null}},"type":"if","locations":[{"start":{"line":84,"column":2},"end":{"line":89,"column":null}},{"start":{},"end":{}}],"line":84},"12":{"loc":{"start":{"line":90,"column":2},"end":{"line":92,"column":null}},"type":"if","locations":[{"start":{"line":90,"column":2},"end":{"line":92,"column":null}},{"start":{},"end":{}}],"line":90},"13":{"loc":{"start":{"line":93,"column":2},"end":{"line":95,"column":null}},"type":"if","locations":[{"start":{"line":93,"column":2},"end":{"line":95,"column":null}},{"start":{},"end":{}}],"line":93},"14":{"loc":{"start":{"line":96,"column":2},"end":{"line":98,"column":null}},"type":"if","locations":[{"start":{"line":96,"column":2},"end":{"line":98,"column":null}},{"start":{},"end":{}}],"line":96},"15":{"loc":{"start":{"line":114,"column":2},"end":{"line":116,"column":null}},"type":"if","locations":[{"start":{"line":114,"column":2},"end":{"line":116,"column":null}},{"start":{},"end":{}}],"line":114},"16":{"loc":{"start":{"line":114,"column":6},"end":{"line":114,"column":31}},"type":"binary-expr","locations":[{"start":{"line":114,"column":6},"end":{"line":114,"column":17}},{"start":{"line":114,"column":21},"end":{"line":114,"column":31}}],"line":114},"17":{"loc":{"start":{"line":117,"column":12},"end":{"line":117,"column":53}},"type":"cond-expr","locations":[{"start":{"line":117,"column":38},"end":{"line":117,"column":48}},{"start":{"line":117,"column":51},"end":{"line":117,"column":53}}],"line":117},"18":{"loc":{"start":{"line":118,"column":2},"end":{"line":120,"column":null}},"type":"if","locations":[{"start":{"line":118,"column":2},"end":{"line":120,"column":null}},{"start":{},"end":{}}],"line":118},"19":{"loc":{"start":{"line":121,"column":2},"end":{"line":123,"column":null}},"type":"if","locations":[{"start":{"line":121,"column":2},"end":{"line":123,"column":null}},{"start":{},"end":{}}],"line":121},"20":{"loc":{"start":{"line":126,"column":4},"end":{"line":128,"column":null}},"type":"if","locations":[{"start":{"line":126,"column":4},"end":{"line":128,"column":null}},{"start":{},"end":{}}],"line":126},"21":{"loc":{"start":{"line":129,"column":4},"end":{"line":131,"column":null}},"type":"if","locations":[{"start":{"line":129,"column":4},"end":{"line":131,"column":null}},{"start":{},"end":{}}],"line":129},"22":{"loc":{"start":{"line":133,"column":6},"end":{"line":135,"column":null}},"type":"if","locations":[{"start":{"line":133,"column":6},"end":{"line":135,"column":null}},{"start":{},"end":{}}],"line":133},"23":{"loc":{"start":{"line":133,"column":10},"end":{"line":133,"column":80}},"type":"binary-expr","locations":[{"start":{"line":133,"column":10},"end":{"line":133,"column":31}},{"start":{"line":133,"column":35},"end":{"line":133,"column":48}},{"start":{"line":133,"column":52},"end":{"line":133,"column":80}}],"line":133},"24":{"loc":{"start":{"line":149,"column":2},"end":{"line":149,"column":null}},"type":"if","locations":[{"start":{"line":149,"column":2},"end":{"line":149,"column":null}},{"start":{},"end":{}}],"line":149},"25":{"loc":{"start":{"line":149,"column":6},"end":{"line":149,"column":31}},"type":"binary-expr","locations":[{"start":{"line":149,"column":6},"end":{"line":149,"column":17}},{"start":{"line":149,"column":21},"end":{"line":149,"column":31}}],"line":149},"26":{"loc":{"start":{"line":151,"column":2},"end":{"line":151,"column":null}},"type":"if","locations":[{"start":{"line":151,"column":2},"end":{"line":151,"column":null}},{"start":{},"end":{}}],"line":151},"27":{"loc":{"start":{"line":152,"column":2},"end":{"line":154,"column":null}},"type":"if","locations":[{"start":{"line":152,"column":2},"end":{"line":154,"column":null}},{"start":{},"end":{}}],"line":152},"28":{"loc":{"start":{"line":160,"column":2},"end":{"line":162,"column":null}},"type":"if","locations":[{"start":{"line":160,"column":2},"end":{"line":162,"column":null}},{"start":{},"end":{}}],"line":160},"29":{"loc":{"start":{"line":163,"column":2},"end":{"line":165,"column":null}},"type":"if","locations":[{"start":{"line":163,"column":2},"end":{"line":165,"column":null}},{"start":{},"end":{}}],"line":163},"30":{"loc":{"start":{"line":163,"column":6},"end":{"line":163,"column":22}},"type":"binary-expr","locations":[{"start":{"line":163,"column":6},"end":{"line":163,"column":11}},{"start":{"line":163,"column":15},"end":{"line":163,"column":22}}],"line":163},"31":{"loc":{"start":{"line":176,"column":4},"end":{"line":182,"column":null}},"type":"if","locations":[{"start":{"line":176,"column":4},"end":{"line":182,"column":null}},{"start":{},"end":{}}],"line":176}},"s":{"0":5,"1":5,"2":5,"3":5,"4":5,"5":9,"6":5,"7":4,"8":9,"9":9,"10":2,"11":2,"12":10,"13":1,"14":9,"15":9,"16":8,"17":1,"18":8,"19":0,"20":8,"21":8,"22":4,"23":4,"24":14,"25":14,"26":4,"27":10,"28":0,"29":10,"30":2,"31":8,"32":3,"33":5,"34":5,"35":0,"36":0,"37":0,"38":0,"39":0,"40":0,"41":0,"42":0,"43":0,"44":0,"45":0,"46":0,"47":0,"48":0,"49":0,"50":0,"51":0,"52":0,"53":0,"54":0,"55":0,"56":0,"57":0,"58":0,"59":0,"60":0,"61":4,"62":4,"63":0,"64":4,"65":2,"66":2,"67":13,"68":11,"69":11,"70":6,"71":5,"72":5},"f":{"0":9,"1":10,"2":8,"3":14,"4":0,"5":0,"6":4,"7":13,"8":11},"b":{"0":[5,4],"1":[9,4,4],"2":[0,4],"3":[2,7],"4":[9,3],"5":[1,9],"6":[8,1],"7":[0,8],"8":[4,4],"9":[8,5],"10":[14,0],"11":[4,10],"12":[0,10],"13":[2,8],"14":[3,5],"15":[0,0],"16":[0,0],"17":[0,0],"18":[0,0],"19":[0,0],"20":[0,0],"21":[0,0],"22":[0,0],"23":[0,0,0],"24":[0,0],"25":[0,0],"26":[0,0],"27":[0,0],"28":[0,4],"29":[2,2],"30":[4,3],"31":[6,5]},"meta":{"lastBranch":32,"lastFunction":9,"lastStatement":73,"seen":{"s:4:34:4:37":0,"s:7:30:7:33":1,"s:10:35:10:36":2,"s:11:35:11:38":3,"s:13:28:38:1":4,"f:44:16:44:30":0,"b:45:2:47:Infinity:undefined:undefined:undefined:undefined":0,"s:45:2:47:Infinity":5,"b:45:6:45:25:45:29:45:43:45:47:45:59":1,"s:46:4:46:Infinity":6,"s:48:14:48:53":7,"b:48:37:48:45:48:48:48:53":2,"s:49:12:49:23":8,"b:50:2:50:Infinity:undefined:undefined:undefined:undefined":3,"s:50:2:50:Infinity":9,"b:50:6:50:25:50:29:50:34":4,"s:50:36:50:Infinity":10,"s:51:2:51:Infinity":11,"f:59:16:59:31":1,"b:60:2:60:Infinity:undefined:undefined:undefined:undefined":5,"s:60:2:60:Infinity":12,"s:60:29:60:Infinity":13,"s:61:12:61:20":14,"b:62:2:62:Infinity:undefined:undefined:undefined:undefined":6,"s:62:2:62:Infinity":15,"s:62:23:62:Infinity":16,"s:63:2:63:Infinity":17,"f:70:16:70:33":2,"b:71:2:71:Infinity:undefined:undefined:undefined:undefined":7,"s:71:2:71:Infinity":18,"s:71:33:71:Infinity":19,"s:72:12:72:38":20,"b:73:2:73:Infinity:undefined:undefined:undefined:undefined":8,"s:73:2:73:Infinity":21,"b:73:6:73:18:73:22:73:54":9,"s:73:56:73:Infinity":22,"s:74:2:74:Infinity":23,"f:82:16:82:38":3,"s:83:12:83:34":24,"b:83:19:83:27:83:31:83:33":10,"b:84:2:89:Infinity:undefined:undefined:undefined:undefined":11,"s:84:2:89:Infinity":25,"s:85:4:88:Infinity":26,"b:90:2:92:Infinity:undefined:undefined:undefined:undefined":12,"s:90:2:92:Infinity":27,"s:91:4:91:Infinity":28,"b:93:2:95:Infinity:undefined:undefined:undefined:undefined":13,"s:93:2:95:Infinity":29,"s:94:4:94:Infinity":30,"b:96:2:98:Infinity:undefined:undefined:undefined:undefined":14,"s:96:2:98:Infinity":31,"s:97:4:97:Infinity":32,"s:99:2:99:Infinity":33,"s:106:34:106:90":34,"f:113:16:113:39":4,"b:114:2:116:Infinity:undefined:undefined:undefined:undefined":15,"s:114:2:116:Infinity":35,"b:114:6:114:17:114:21:114:31":16,"s:115:4:115:Infinity":36,"s:117:12:117:53":37,"b:117:38:117:48:117:51:117:53":17,"b:118:2:120:Infinity:undefined:undefined:undefined:undefined":18,"s:118:2:120:Infinity":38,"s:119:4:119:Infinity":39,"b:121:2:123:Infinity:undefined:undefined:undefined:undefined":19,"s:121:2:123:Infinity":40,"s:122:4:122:Infinity":41,"s:124:2:140:Infinity":42,"s:125:14:125:27":43,"b:126:4:128:Infinity:undefined:undefined:undefined:undefined":20,"s:126:4:128:Infinity":44,"s:127:6:127:Infinity":45,"b:129:4:131:Infinity:undefined:undefined:undefined:undefined":21,"s:129:4:131:Infinity":46,"s:130:6:130:Infinity":47,"s:132:4:136:Infinity":48,"b:133:6:135:Infinity:undefined:undefined:undefined:undefined":22,"s:133:6:135:Infinity":49,"b:133:10:133:31:133:35:133:48:133:52:133:80":23,"s:134:8:134:Infinity":50,"s:137:4:137:Infinity":51,"s:139:4:139:Infinity":52,"f:148:16:148:42":5,"b:149:2:149:Infinity:undefined:undefined:undefined:undefined":24,"s:149:2:149:Infinity":53,"b:149:6:149:17:149:21:149:31":25,"s:149:33:149:Infinity":54,"s:150:12:150:62":55,"b:151:2:151:Infinity:undefined:undefined:undefined:undefined":26,"s:151:2:151:Infinity":56,"s:151:10:151:Infinity":57,"b:152:2:154:Infinity:undefined:undefined:undefined:undefined":27,"s:152:2:154:Infinity":58,"s:153:4:153:Infinity":59,"s:155:2:155:Infinity":60,"f:158:16:158:31":6,"s:159:12:159:25":61,"b:160:2:162:Infinity:undefined:undefined:undefined:undefined":28,"s:160:2:162:Infinity":62,"s:161:4:161:Infinity":63,"b:163:2:165:Infinity:undefined:undefined:undefined:undefined":29,"s:163:2:165:Infinity":64,"b:163:6:163:11:163:15:163:22":30,"s:164:4:164:Infinity":65,"s:166:2:166:Infinity":66,"f:173:16:173:28":7,"s:174:2:185:Infinity":67,"f:174:9:174:10":8,"s:175:19:175:45":68,"b:176:4:182:Infinity:undefined:undefined:undefined:undefined":31,"s:176:4:182:Infinity":69,"s:177:6:181:Infinity":70,"s:183:4:183:Infinity":71,"s:184:4:184:Infinity":72}}}
,"C:\\Users\\Cfoul\\Downloads\\qhse-africa-starter (1)\\qhse-africa-starter\\backend\\src\\services\\auth.service.js": {"path":"C:\\Users\\Cfoul\\Downloads\\qhse-africa-starter (1)\\qhse-africa-starter\\backend\\src\\services\\auth.service.js","statementMap":{"0":{"start":{"line":5,"column":20},"end":{"line":5,"column":null}},"1":{"start":{"line":7,"column":24},"end":{"line":7,"column":null}},"2":{"start":{"line":10,"column":24},"end":{"line":14,"column":2}},"3":{"start":{"line":16,"column":25},"end":{"line":16,"column":null}},"4":{"start":{"line":19,"column":12},"end":{"line":19,"column":null}},"5":{"start":{"line":20,"column":2},"end":{"line":21,"column":null}},"6":{"start":{"line":21,"column":4},"end":{"line":21,"column":null}},"7":{"start":{"line":23,"column":2},"end":{"line":24,"column":null}},"8":{"start":{"line":24,"column":4},"end":{"line":24,"column":null}},"9":{"start":{"line":26,"column":2},"end":{"line":30,"column":null}},"10":{"start":{"line":27,"column":4},"end":{"line":27,"column":null}},"11":{"start":{"line":28,"column":4},"end":{"line":30,"column":null}},"12":{"start":{"line":32,"column":2},"end":{"line":32,"column":null}},"13":{"start":{"line":39,"column":2},"end":{"line":46,"column":null}},"14":{"start":{"line":50,"column":2},"end":{"line":54,"column":null}},"15":{"start":{"line":58,"column":2},"end":{"line":63,"column":null}},"16":{"start":{"line":59,"column":20},"end":{"line":59,"column":53}},"17":{"start":{"line":60,"column":4},"end":{"line":60,"column":null}},"18":{"start":{"line":60,"column":36},"end":{"line":60,"column":null}},"19":{"start":{"line":61,"column":4},"end":{"line":61,"column":null}},"20":{"start":{"line":63,"column":4},"end":{"line":63,"column":null}},"21":{"start":{"line":79,"column":17},"end":{"line":81,"column":4}},"22":{"start":{"line":82,"column":2},"end":{"line":82,"column":null}},"23":{"start":{"line":91,"column":26},"end":{"line":93,"column":18}},"24":{"start":{"line":94,"column":2},"end":{"line":94,"column":null}},"25":{"start":{"line":94,"column":44},"end":{"line":94,"column":null}},"26":{"start":{"line":95,"column":14},"end":{"line":95,"column":30}},"27":{"start":{"line":96,"column":2},"end":{"line":96,"column":null}},"28":{"start":{"line":96,"column":44},"end":{"line":96,"column":null}},"29":{"start":{"line":98,"column":15},"end":{"line":107,"column":4}},"30":{"start":{"line":109,"column":2},"end":{"line":109,"column":null}},"31":{"start":{"line":109,"column":27},"end":{"line":109,"column":null}},"32":{"start":{"line":110,"column":13},"end":{"line":110,"column":57}},"33":{"start":{"line":111,"column":2},"end":{"line":111,"column":null}},"34":{"start":{"line":111,"column":11},"end":{"line":111,"column":null}},"35":{"start":{"line":113,"column":2},"end":{"line":118,"column":null}}},"fnMap":{"0":{"name":"getJwtSecret","decl":{"start":{"line":18,"column":16},"end":{"line":18,"column":31}},"loc":{"start":{"line":18,"column":31},"end":{"line":32,"column":null}},"line":18},"1":{"name":"issueAccessToken","decl":{"start":{"line":38,"column":16},"end":{"line":38,"column":33}},"loc":{"start":{"line":38,"column":39},"end":{"line":46,"column":null}},"line":38},"2":{"name":"issueRefreshToken","decl":{"start":{"line":49,"column":16},"end":{"line":49,"column":34}},"loc":{"start":{"line":49,"column":40},"end":{"line":54,"column":null}},"line":49},"3":{"name":"verifyRefreshToken","decl":{"start":{"line":57,"column":16},"end":{"line":57,"column":35}},"loc":{"start":{"line":57,"column":42},"end":{"line":63,"column":null}},"line":57},"4":{"name":"revokeRefreshToken","decl":{"start":{"line":70,"column":22},"end":{"line":70,"column":41}},"loc":{"start":{"line":70,"column":49},"end":{"line":70,"column":null}},"line":70},"5":{"name":"cleanupExpiredRefreshTokens","decl":{"start":{"line":78,"column":22},"end":{"line":78,"column":52}},"loc":{"start":{"line":78,"column":52},"end":{"line":82,"column":null}},"line":78},"6":{"name":"authenticateWithEmailPassword","decl":{"start":{"line":90,"column":22},"end":{"line":90,"column":52}},"loc":{"start":{"line":90,"column":69},"end":{"line":118,"column":null}},"line":90}},"branchMap":{"0":{"loc":{"start":{"line":20,"column":2},"end":{"line":21,"column":null}},"type":"if","locations":[{"start":{"line":20,"column":2},"end":{"line":21,"column":null}},{"start":{},"end":{}}],"line":20},"1":{"loc":{"start":{"line":20,"column":6},"end":{"line":20,"column":42}},"type":"binary-expr","locations":[{"start":{"line":20,"column":6},"end":{"line":20,"column":11}},{"start":{"line":20,"column":11},"end":{"line":20,"column":42}}],"line":20},"2":{"loc":{"start":{"line":23,"column":2},"end":{"line":24,"column":null}},"type":"if","locations":[{"start":{"line":23,"column":2},"end":{"line":24,"column":null}},{"start":{},"end":{}}],"line":23},"3":{"loc":{"start":{"line":26,"column":2},"end":{"line":30,"column":null}},"type":"if","locations":[{"start":{"line":26,"column":2},"end":{"line":30,"column":null}},{"start":{},"end":{}}],"line":26},"4":{"loc":{"start":{"line":42,"column":19},"end":{"line":42,"column":35}},"type":"binary-expr","locations":[{"start":{"line":42,"column":19},"end":{"line":42,"column":32}},{"start":{"line":42,"column":32},"end":{"line":42,"column":35}}],"line":42},"5":{"loc":{"start":{"line":60,"column":4},"end":{"line":60,"column":null}},"type":"if","locations":[{"start":{"line":60,"column":4},"end":{"line":60,"column":null}},{"start":{},"end":{}}],"line":60},"6":{"loc":{"start":{"line":91,"column":33},"end":{"line":91,"column":45}},"type":"binary-expr","locations":[{"start":{"line":91,"column":33},"end":{"line":91,"column":42}},{"start":{"line":91,"column":42},"end":{"line":91,"column":45}}],"line":91},"7":{"loc":{"start":{"line":94,"column":2},"end":{"line":94,"column":null}},"type":"if","locations":[{"start":{"line":94,"column":2},"end":{"line":94,"column":null}},{"start":{},"end":{}}],"line":94},"8":{"loc":{"start":{"line":94,"column":6},"end":{"line":94,"column":44}},"type":"binary-expr","locations":[{"start":{"line":94,"column":6},"end":{"line":94,"column":26}},{"start":{"line":94,"column":26},"end":{"line":94,"column":44}}],"line":94},"9":{"loc":{"start":{"line":96,"column":2},"end":{"line":96,"column":null}},"type":"if","locations":[{"start":{"line":96,"column":2},"end":{"line":96,"column":null}},{"start":{},"end":{}}],"line":96},"10":{"loc":{"start":{"line":96,"column":6},"end":{"line":96,"column":44}},"type":"binary-expr","locations":[{"start":{"line":96,"column":6},"end":{"line":96,"column":26}},{"start":{"line":96,"column":26},"end":{"line":96,"column":44}}],"line":96},"11":{"loc":{"start":{"line":109,"column":2},"end":{"line":109,"column":null}},"type":"if","locations":[{"start":{"line":109,"column":2},"end":{"line":109,"column":null}},{"start":{},"end":{}}],"line":109},"12":{"loc":{"start":{"line":111,"column":2},"end":{"line":111,"column":null}},"type":"if","locations":[{"start":{"line":111,"column":2},"end":{"line":111,"column":null}},{"start":{},"end":{}}],"line":111},"13":{"loc":{"start":{"line":117,"column":17},"end":{"line":117,"column":33}},"type":"binary-expr","locations":[{"start":{"line":117,"column":17},"end":{"line":117,"column":30}},{"start":{"line":117,"column":30},"end":{"line":117,"column":33}}],"line":117}},"s":{"0":3,"1":3,"2":3,"3":3,"4":17,"5":17,"6":16,"7":1,"8":1,"9":0,"10":0,"11":0,"12":0,"13":5,"14":4,"15":6,"16":6,"17":6,"18":2,"19":2,"20":2,"21":1,"22":1,"23":4,"24":4,"25":0,"26":4,"27":4,"28":0,"29":4,"30":4,"31":2,"32":2,"33":2,"34":1,"35":1},"f":{"0":17,"1":5,"2":4,"3":6,"4":2,"5":1,"6":4},"b":{"0":[16,1],"1":[17,16],"2":[1,0],"3":[0,0],"4":[5,0],"5":[2,4],"6":[4,0],"7":[0,4],"8":[4,4],"9":[0,4],"10":[4,4],"11":[2,2],"12":[1,1],"13":[1,0]},"meta":{"lastBranch":14,"lastFunction":7,"lastStatement":36,"seen":{"s:5:20:5:Infinity":0,"s:7:24:7:Infinity":1,"s:10:24:14:2":2,"s:16:25:16:Infinity":3,"f:18:16:18:31":0,"s:19:12:19:Infinity":4,"b:20:2:21:Infinity:undefined:undefined:undefined:undefined":0,"s:20:2:21:Infinity":5,"b:20:6:20:11:20:11:20:42":1,"s:21:4:21:Infinity":6,"b:23:2:24:Infinity:undefined:undefined:undefined:undefined":2,"s:23:2:24:Infinity":7,"s:24:4:24:Infinity":8,"b:26:2:30:Infinity:undefined:undefined:undefined:undefined":3,"s:26:2:30:Infinity":9,"s:27:4:27:Infinity":10,"s:28:4:30:Infinity":11,"s:32:2:32:Infinity":12,"f:38:16:38:33":1,"s:39:2:46:Infinity":13,"b:42:19:42:32:42:32:42:35":4,"f:49:16:49:34":2,"s:50:2:54:Infinity":14,"f:57:16:57:35":3,"s:58:2:63:Infinity":15,"s:59:20:59:53":16,"b:60:4:60:Infinity:undefined:undefined:undefined:undefined":5,"s:60:4:60:Infinity":17,"s:60:36:60:Infinity":18,"s:61:4:61:Infinity":19,"s:63:4:63:Infinity":20,"f:70:22:70:41":4,"f:78:22:78:52":5,"s:79:17:81:4":21,"s:82:2:82:Infinity":22,"f:90:22:90:52":6,"s:91:26:93:18":23,"b:91:33:91:42:91:42:91:45":6,"b:94:2:94:Infinity:undefined:undefined:undefined:undefined":7,"s:94:2:94:Infinity":24,"b:94:6:94:26:94:26:94:44":8,"s:94:44:94:Infinity":25,"s:95:14:95:30":26,"b:96:2:96:Infinity:undefined:undefined:undefined:undefined":9,"s:96:2:96:Infinity":27,"b:96:6:96:26:96:26:96:44":10,"s:96:44:96:Infinity":28,"s:98:15:107:4":29,"b:109:2:109:Infinity:undefined:undefined:undefined:undefined":11,"s:109:2:109:Infinity":30,"s:109:27:109:Infinity":31,"s:110:13:110:57":32,"b:111:2:111:Infinity:undefined:undefined:undefined:undefined":12,"s:111:2:111:Infinity":33,"s:111:11:111:Infinity":34,"s:113:2:118:Infinity":35,"b:117:17:117:30:117:30:117:33":13}}}
,"C:\\Users\\Cfoul\\Downloads\\qhse-africa-starter (1)\\qhse-africa-starter\\backend\\src\\services\\fdsParser.service.js": {"path":"C:\\Users\\Cfoul\\Downloads\\qhse-africa-starter (1)\\qhse-africa-starter\\backend\\src\\services\\fdsParser.service.js","statementMap":{"0":{"start":{"line":3,"column":24},"end":{"line":29,"column":1}},"1":{"start":{"line":31,"column":16},"end":{"line":70,"column":1}},"2":{"start":{"line":73,"column":2},"end":{"line":77,"column":26}},"3":{"start":{"line":81,"column":19},"end":{"line":86,"column":3}},"4":{"start":{"line":87,"column":2},"end":{"line":90,"column":3}},"5":{"start":{"line":88,"column":14},"end":{"line":88,"column":27}},"6":{"start":{"line":89,"column":4},"end":{"line":89,"column":48}},"7":{"start":{"line":89,"column":11},"end":{"line":89,"column":48}},"8":{"start":{"line":91,"column":2},"end":{"line":91,"column":28}},"9":{"start":{"line":95,"column":12},"end":{"line":95,"column":64}},"10":{"start":{"line":96,"column":2},"end":{"line":96,"column":25}},"11":{"start":{"line":100,"column":19},"end":{"line":104,"column":3}},"12":{"start":{"line":105,"column":2},"end":{"line":108,"column":3}},"13":{"start":{"line":106,"column":14},"end":{"line":106,"column":27}},"14":{"start":{"line":107,"column":4},"end":{"line":107,"column":48}},"15":{"start":{"line":107,"column":11},"end":{"line":107,"column":48}},"16":{"start":{"line":109,"column":2},"end":{"line":109,"column":14}},"17":{"start":{"line":117,"column":17},"end":{"line":117,"column":50}},"18":{"start":{"line":119,"column":2},"end":{"line":123,"column":3}},"19":{"start":{"line":120,"column":4},"end":{"line":120,"column":34}},"20":{"start":{"line":122,"column":4},"end":{"line":122,"column":27}},"21":{"start":{"line":124,"column":14},"end":{"line":124,"column":29}},"22":{"start":{"line":125,"column":21},"end":{"line":125,"column":39}},"23":{"start":{"line":127,"column":22},"end":{"line":127,"column":45}},"24":{"start":{"line":128,"column":20},"end":{"line":128,"column":41}},"25":{"start":{"line":129,"column":19},"end":{"line":129,"column":39}},"26":{"start":{"line":131,"column":26},"end":{"line":131,"column":28}},"27":{"start":{"line":132,"column":15},"end":{"line":132,"column":24}},"28":{"start":{"line":133,"column":20},"end":{"line":133,"column":21}},"29":{"start":{"line":135,"column":2},"end":{"line":147,"column":3}},"30":{"start":{"line":136,"column":18},"end":{"line":136,"column":79}},"31":{"start":{"line":136,"column":40},"end":{"line":136,"column":78}},"32":{"start":{"line":137,"column":4},"end":{"line":146,"column":5}},"33":{"start":{"line":138,"column":6},"end":{"line":138,"column":35}},"34":{"start":{"line":139,"column":6},"end":{"line":139,"column":58}},"35":{"start":{"line":139,"column":45},"end":{"line":139,"column":56}},"36":{"start":{"line":140,"column":6},"end":{"line":145,"column":50}},"37":{"start":{"line":141,"column":8},"end":{"line":141,"column":47}},"38":{"start":{"line":142,"column":11},"end":{"line":145,"column":50}},"39":{"start":{"line":143,"column":8},"end":{"line":143,"column":47}},"40":{"start":{"line":144,"column":11},"end":{"line":145,"column":50}},"41":{"start":{"line":144,"column":63},"end":{"line":144,"column":102}},"42":{"start":{"line":145,"column":11},"end":{"line":145,"column":50}},"43":{"start":{"line":149,"column":23},"end":{"line":160,"column":3}},"44":{"start":{"line":162,"column":28},"end":{"line":162,"column":76}},"45":{"start":{"line":162,"column":55},"end":{"line":162,"column":75}},"46":{"start":{"line":163,"column":22},"end":{"line":163,"column":23}},"47":{"start":{"line":165,"column":2},"end":{"line":179,"column":4}}},"fnMap":{"0":{"name":"normalizeText","decl":{"start":{"line":72,"column":9},"end":{"line":72,"column":22}},"loc":{"start":{"line":72,"column":29},"end":{"line":78,"column":1}},"line":72},"1":{"name":"extractProductName","decl":{"start":{"line":80,"column":9},"end":{"line":80,"column":27}},"loc":{"start":{"line":80,"column":34},"end":{"line":92,"column":1}},"line":80},"2":{"name":"extractCasNumber","decl":{"start":{"line":94,"column":9},"end":{"line":94,"column":25}},"loc":{"start":{"line":94,"column":32},"end":{"line":97,"column":1}},"line":94},"3":{"name":"extractSupplier","decl":{"start":{"line":99,"column":9},"end":{"line":99,"column":24}},"loc":{"start":{"line":99,"column":31},"end":{"line":110,"column":1}},"line":99},"4":{"name":"parseFdsBuffer","decl":{"start":{"line":116,"column":22},"end":{"line":116,"column":36}},"loc":{"start":{"line":116,"column":58},"end":{"line":180,"column":1}},"line":116},"5":{"name":"(anonymous_5)","decl":{"start":{"line":136,"column":32},"end":{"line":136,"column":33}},"loc":{"start":{"line":136,"column":40},"end":{"line":136,"column":78}},"line":136},"6":{"name":"(anonymous_6)","decl":{"start":{"line":139,"column":38},"end":{"line":139,"column":39}},"loc":{"start":{"line":139,"column":45},"end":{"line":139,"column":56}},"line":139},"7":{"name":"(anonymous_7)","decl":{"start":{"line":162,"column":48},"end":{"line":162,"column":49}},"loc":{"start":{"line":162,"column":55},"end":{"line":162,"column":75}},"line":162}},"branchMap":{"0":{"loc":{"start":{"line":89,"column":4},"end":{"line":89,"column":48}},"type":"if","locations":[{"start":{"line":89,"column":4},"end":{"line":89,"column":48}},{"start":{},"end":{}}],"line":89},"1":{"loc":{"start":{"line":96,"column":9},"end":{"line":96,"column":24}},"type":"cond-expr","locations":[{"start":{"line":96,"column":13},"end":{"line":96,"column":17}},{"start":{"line":96,"column":20},"end":{"line":96,"column":24}}],"line":96},"2":{"loc":{"start":{"line":107,"column":4},"end":{"line":107,"column":48}},"type":"if","locations":[{"start":{"line":107,"column":4},"end":{"line":107,"column":48}},{"start":{},"end":{}}],"line":107},"3":{"loc":{"start":{"line":124,"column":14},"end":{"line":124,"column":29}},"type":"binary-expr","locations":[{"start":{"line":124,"column":14},"end":{"line":124,"column":23}},{"start":{"line":124,"column":27},"end":{"line":124,"column":29}}],"line":124},"4":{"loc":{"start":{"line":137,"column":4},"end":{"line":146,"column":5}},"type":"if","locations":[{"start":{"line":137,"column":4},"end":{"line":146,"column":5}},{"start":{},"end":{}}],"line":137},"5":{"loc":{"start":{"line":139,"column":7},"end":{"line":139,"column":28}},"type":"binary-expr","locations":[{"start":{"line":139,"column":7},"end":{"line":139,"column":22}},{"start":{"line":139,"column":26},"end":{"line":139,"column":28}}],"line":139},"6":{"loc":{"start":{"line":140,"column":6},"end":{"line":145,"column":50}},"type":"if","locations":[{"start":{"line":140,"column":6},"end":{"line":145,"column":50}},{"start":{"line":142,"column":11},"end":{"line":145,"column":50}}],"line":140},"7":{"loc":{"start":{"line":142,"column":11},"end":{"line":145,"column":50}},"type":"if","locations":[{"start":{"line":142,"column":11},"end":{"line":145,"column":50}},{"start":{"line":144,"column":11},"end":{"line":145,"column":50}}],"line":142},"8":{"loc":{"start":{"line":144,"column":11},"end":{"line":145,"column":50}},"type":"if","locations":[{"start":{"line":144,"column":11},"end":{"line":145,"column":50}},{"start":{"line":145,"column":11},"end":{"line":145,"column":50}}],"line":144},"9":{"loc":{"start":{"line":162,"column":55},"end":{"line":162,"column":75}},"type":"binary-expr","locations":[{"start":{"line":162,"column":55},"end":{"line":162,"column":70}},{"start":{"line":162,"column":74},"end":{"line":162,"column":75}}],"line":162},"10":{"loc":{"start":{"line":169,"column":14},"end":{"line":169,"column":35}},"type":"binary-expr","locations":[{"start":{"line":169,"column":14},"end":{"line":169,"column":22}},{"start":{"line":169,"column":26},"end":{"line":169,"column":35}}],"line":169},"11":{"loc":{"start":{"line":176,"column":48},"end":{"line":176,"column":86}},"type":"cond-expr","locations":[{"start":{"line":176,"column":60},"end":{"line":176,"column":81}},{"start":{"line":176,"column":84},"end":{"line":176,"column":86}}],"line":176},"12":{"loc":{"start":{"line":176,"column":89},"end":{"line":176,"column":135}},"type":"cond-expr","locations":[{"start":{"line":176,"column":100},"end":{"line":176,"column":130}},{"start":{"line":176,"column":133},"end":{"line":176,"column":135}}],"line":176},"13":{"loc":{"start":{"line":176,"column":162},"end":{"line":176,"column":227}},"type":"binary-expr","locations":[{"start":{"line":176,"column":162},"end":{"line":176,"column":190}},{"start":{"line":176,"column":194},"end":{"line":176,"column":227}}],"line":176},"14":{"loc":{"start":{"line":176,"column":246},"end":{"line":176,"column":316}},"type":"binary-expr","locations":[{"start":{"line":176,"column":246},"end":{"line":176,"column":273}},{"start":{"line":176,"column":277},"end":{"line":176,"column":316}}],"line":176},"15":{"loc":{"start":{"line":178,"column":18},"end":{"line":178,"column":33}},"type":"binary-expr","locations":[{"start":{"line":178,"column":18},"end":{"line":178,"column":28}},{"start":{"line":178,"column":32},"end":{"line":178,"column":33}}],"line":178}},"s":{"0":2,"1":2,"2":93,"3":2,"4":2,"5":5,"6":5,"7":1,"8":1,"9":2,"10":2,"11":2,"12":2,"13":4,"14":4,"15":1,"16":1,"17":2,"18":2,"19":2,"20":2,"21":2,"22":2,"23":2,"24":2,"25":2,"26":2,"27":2,"28":2,"29":2,"30":20,"31":91,"32":20,"33":4,"34":4,"35":16,"36":4,"37":1,"38":3,"39":2,"40":1,"41":1,"42":0,"43":2,"44":2,"45":4,"46":2,"47":2},"f":{"0":93,"1":2,"2":2,"3":2,"4":2,"5":91,"6":16,"7":4},"b":{"0":[1,4],"1":[1,1],"2":[1,3],"3":[2,0],"4":[4,16],"5":[4,0],"6":[1,3],"7":[2,1],"8":[1,0],"9":[4,0],"10":[2,0],"11":[1,1],"12":[1,1],"13":[2,1],"14":[2,1],"15":[2,0]},"meta":{"lastBranch":16,"lastFunction":8,"lastStatement":48,"seen":{"s:3:24:29:1":0,"s:31:16:70:1":1,"f:72:9:72:22":0,"s:73:2:77:26":2,"f:80:9:80:27":1,"s:81:19:86:3":3,"s:87:2:90:3":4,"s:88:14:88:27":5,"b:89:4:89:48:undefined:undefined:undefined:undefined":0,"s:89:4:89:48":6,"s:89:11:89:48":7,"s:91:2:91:28":8,"f:94:9:94:25":2,"s:95:12:95:64":9,"s:96:2:96:25":10,"b:96:13:96:17:96:20:96:24":1,"f:99:9:99:24":3,"s:100:19:104:3":11,"s:105:2:108:3":12,"s:106:14:106:27":13,"b:107:4:107:48:undefined:undefined:undefined:undefined":2,"s:107:4:107:48":14,"s:107:11:107:48":15,"s:109:2:109:14":16,"f:116:22:116:36":4,"s:117:17:117:50":17,"s:119:2:123:3":18,"s:120:4:120:34":19,"s:122:4:122:27":20,"s:124:14:124:29":21,"b:124:14:124:23:124:27:124:29":3,"s:125:21:125:39":22,"s:127:22:127:45":23,"s:128:20:128:41":24,"s:129:19:129:39":25,"s:131:26:131:28":26,"s:132:15:132:24":27,"s:133:20:133:21":28,"s:135:2:147:3":29,"s:136:18:136:79":30,"f:136:32:136:33":5,"s:136:40:136:78":31,"b:137:4:146:5:undefined:undefined:undefined:undefined":4,"s:137:4:146:5":32,"s:138:6:138:35":33,"s:139:6:139:58":34,"b:139:7:139:22:139:26:139:28":5,"f:139:38:139:39":6,"s:139:45:139:56":35,"b:140:6:145:50:142:11:145:50":6,"s:140:6:145:50":36,"s:141:8:141:47":37,"b:142:11:145:50:144:11:145:50":7,"s:142:11:145:50":38,"s:143:8:143:47":39,"b:144:11:145:50:145:11:145:50":8,"s:144:11:145:50":40,"s:144:63:144:102":41,"s:145:11:145:50":42,"s:149:23:160:3":43,"s:162:28:162:76":44,"f:162:48:162:49":7,"s:162:55:162:75":45,"b:162:55:162:70:162:74:162:75":9,"s:163:22:163:23":46,"s:165:2:179:4":47,"b:169:14:169:22:169:26:169:35":10,"b:176:60:176:81:176:84:176:86":11,"b:176:100:176:130:176:133:176:135":12,"b:176:162:176:190:176:194:176:227":13,"b:176:246:176:273:176:277:176:316":14,"b:178:18:178:28:178:32:178:33":15}}}
,"C:\\Users\\Cfoul\\Downloads\\qhse-africa-starter (1)\\qhse-africa-starter\\backend\\src\\validation\\actionSchemas.js": {"path":"C:\\Users\\Cfoul\\Downloads\\qhse-africa-starter (1)\\qhse-africa-starter\\backend\\src\\validation\\actionSchemas.js","statementMap":{"0":{"start":{"line":3,"column":34},"end":{"line":13,"column":2}},"1":{"start":{"line":15,"column":33},"end":{"line":24,"column":11}}},"fnMap":{},"branchMap":{},"s":{"0":2,"1":2},"f":{},"b":{},"meta":{"lastBranch":0,"lastFunction":0,"lastStatement":2,"seen":{"s:3:34:13:2":0,"s:15:33:24:11":1}}}
,"C:\\Users\\Cfoul\\Downloads\\qhse-africa-starter (1)\\qhse-africa-starter\\backend\\src\\validation\\auditSchemas.js": {"path":"C:\\Users\\Cfoul\\Downloads\\qhse-africa-starter (1)\\qhse-africa-starter\\backend\\src\\validation\\auditSchemas.js","statementMap":{"0":{"start":{"line":3,"column":33},"end":{"line":13,"column":2}},"1":{"start":{"line":15,"column":32},"end":{"line":23,"column":11}}},"fnMap":{},"branchMap":{},"s":{"0":1,"1":1},"f":{},"b":{},"meta":{"lastBranch":0,"lastFunction":0,"lastStatement":2,"seen":{"s:3:33:13:2":0,"s:15:32:23:11":1}}}
,"C:\\Users\\Cfoul\\Downloads\\qhse-africa-starter (1)\\qhse-africa-starter\\backend\\src\\validation\\authSchemas.js": {"path":"C:\\Users\\Cfoul\\Downloads\\qhse-africa-starter (1)\\qhse-africa-starter\\backend\\src\\validation\\authSchemas.js","statementMap":{"0":{"start":{"line":3,"column":31},"end":{"line":18,"column":2}},"1":{"start":{"line":15,"column":12},"end":{"line":15,"column":69}}},"fnMap":{"0":{"name":"(anonymous_0)","decl":{"start":{"line":15,"column":4},"end":{"line":15,"column":5}},"loc":{"start":{"line":15,"column":12},"end":{"line":15,"column":69}},"line":15}},"branchMap":{"0":{"loc":{"start":{"line":15,"column":12},"end":{"line":15,"column":69}},"type":"cond-expr","locations":[{"start":{"line":15,"column":56},"end":{"line":15,"column":65}},{"start":{"line":15,"column":68},"end":{"line":15,"column":69}}],"line":15},"1":{"loc":{"start":{"line":15,"column":12},"end":{"line":15,"column":53}},"type":"binary-expr","locations":[{"start":{"line":15,"column":12},"end":{"line":15,"column":20}},{"start":{"line":15,"column":24},"end":{"line":15,"column":34}},{"start":{"line":15,"column":38},"end":{"line":15,"column":53}}],"line":15}},"s":{"0":2,"1":3},"f":{"0":3},"b":{"0":[3,0],"1":[3,2,2]},"meta":{"lastBranch":2,"lastFunction":1,"lastStatement":2,"seen":{"s:3:31:18:2":0,"f:15:4:15:5":0,"s:15:12:15:69":1,"b:15:56:15:65:15:68:15:69":0,"b:15:12:15:20:15:24:15:34:15:38:15:53":1}}}
,"C:\\Users\\Cfoul\\Downloads\\qhse-africa-starter (1)\\qhse-africa-starter\\backend\\src\\validation\\incidentSchemas.js": {"path":"C:\\Users\\Cfoul\\Downloads\\qhse-africa-starter (1)\\qhse-africa-starter\\backend\\src\\validation\\incidentSchemas.js","statementMap":{"0":{"start":{"line":3,"column":36},"end":{"line":15,"column":2}},"1":{"start":{"line":17,"column":35},"end":{"line":25,"column":11}}},"fnMap":{},"branchMap":{},"s":{"0":3,"1":3},"f":{},"b":{},"meta":{"lastBranch":0,"lastFunction":0,"lastStatement":2,"seen":{"s:3:36:15:2":0,"s:17:35:25:11":1}}}
,"C:\\Users\\Cfoul\\Downloads\\qhse-africa-starter (1)\\qhse-africa-starter\\backend\\src\\validation\\riskSchemas.js": {"path":"C:\\Users\\Cfoul\\Downloads\\qhse-africa-starter (1)\\qhse-africa-starter\\backend\\src\\validation\\riskSchemas.js","statementMap":{"0":{"start":{"line":3,"column":32},"end":{"line":15,"column":2}},"1":{"start":{"line":17,"column":31},"end":{"line":28,"column":11}}},"fnMap":{},"branchMap":{},"s":{"0":2,"1":2},"f":{},"b":{},"meta":{"lastBranch":0,"lastFunction":0,"lastStatement":2,"seen":{"s:3:32:15:2":0,"s:17:31:28:11":1}}}
}
